Crash Annotation GraphicsCriticalError: |[0][GFX1-]: glxtest: libpci missing (t=1.2708) [GFX1-]: glxtest: libpci missing
Crash Annotation GraphicsCriticalError: |[0][GFX1-]: glxtest: libpci missing (t=1.2708) |[1][GFX1-]: glxtest: libEGL missing (t=1.27086) [GFX1-]: glxtest: libEGL missing
Crash Annotation GraphicsCriticalError: |[0][GFX1-]: glxtest: libpci missing (t=1.2708) |[1][GFX1-]: glxtest: libEGL missing (t=1.27086) |[2][GFX1-]: glxtest: libGL.so.1 missing (t=1.27087) [GFX1-]: glxtest: libGL.so.1 missing
Crash Annotation GraphicsCriticalError: |[0][GFX1-]: glxtest: libpci missing (t=1.2708) |[1][GFX1-]: glxtest: libEGL missing (t=1.27086) |[2][GFX1-]: glxtest: libGL.so.1 missing (t=1.27087) |[3][GFX1-]: glxtest: libEGL missing (t=1.27089) [GFX1-]: glxtest: libEGL missing
Crash Annotation GraphicsCriticalError: |[0][GFX1-]: glxtest: libpci missing (t=1.2708) |[1][GFX1-]: glxtest: libEGL missing (t=1.27086) |[2][GFX1-]: glxtest: libGL.so.1 missing (t=1.27087) |[3][GFX1-]: glxtest: libEGL missing (t=1.27089) |[4][GFX1-]: No GPUs detected via PCI (t=1.27091) [GFX1-]: No GPUs detected via PCI
Crash Annotation GraphicsCriticalError: |[0][GFX1-]: glxtest: libpci missing (t=1.11872) [GFX1-]: glxtest: libpci missing
Crash Annotation GraphicsCriticalError: |[0][GFX1-]: glxtest: libpci missing (t=1.11872) |[1][GFX1-]: glxtest: libEGL missing (t=1.11877) [GFX1-]: glxtest: libEGL missing
Crash Annotation GraphicsCriticalError: |[0][GFX1-]: glxtest: libpci missing (t=1.11872) |[1][GFX1-]: glxtest: libEGL missing (t=1.11877) |[2][GFX1-]: glxtest: libGL.so.1 missing (t=1.11878) [GFX1-]: glxtest: libGL.so.1 missing
Crash Annotation GraphicsCriticalError: |[0][GFX1-]: glxtest: libpci missing (t=1.11872) |[1][GFX1-]: glxtest: libEGL missing (t=1.11877) |[2][GFX1-]: glxtest: libGL.so.1 missing (t=1.11878) |[3][GFX1-]: glxtest: libEGL missing (t=1.11881) [GFX1-]: glxtest: libEGL missing
Crash Annotation GraphicsCriticalError: |[0][GFX1-]: glxtest: libpci missing (t=1.11872) |[1][GFX1-]: glxtest: libEGL missing (t=1.11877) |[2][GFX1-]: glxtest: libGL.so.1 missing (t=1.11878) |[3][GFX1-]: glxtest: libEGL missing (t=1.11881) |[4][GFX1-]: No GPUs detected via PCI (t=1.11883) [GFX1-]: No GPUs detected via PCI
Crash Annotation GraphicsCriticalError: |[0][GFX1-]: glxtest: libpci missing (t=1.01612) [GFX1-]: glxtest: libpci missing
Crash Annotation GraphicsCriticalError: |[0][GFX1-]: glxtest: libpci missing (t=1.01612) |[1][GFX1-]: glxtest: libEGL missing (t=1.01617) [GFX1-]: glxtest: libEGL missing
Crash Annotation GraphicsCriticalError: |[0][GFX1-]: glxtest: libpci missing (t=1.01612) |[1][GFX1-]: glxtest: libEGL missing (t=1.01617) |[2][GFX1-]: glxtest: libGL.so.1 missing (t=1.01619) [GFX1-]: glxtest: libGL.so.1 missing
Crash Annotation GraphicsCriticalError: |[0][GFX1-]: glxtest: libpci missing (t=1.01612) |[1][GFX1-]: glxtest: libEGL missing (t=1.01617) |[2][GFX1-]: glxtest: libGL.so.1 missing (t=1.01619) |[3][GFX1-]: glxtest: libEGL missing (t=1.0162) [GFX1-]: glxtest: libEGL missing
Crash Annotation GraphicsCriticalError: |[0][GFX1-]: glxtest: libpci missing (t=1.01612) |[1][GFX1-]: glxtest: libEGL missing (t=1.01617) |[2][GFX1-]: glxtest: libGL.so.1 missing (t=1.01619) |[3][GFX1-]: glxtest: libEGL missing (t=1.0162) |[4][GFX1-]: No GPUs detected via PCI (t=1.01622) [GFX1-]: No GPUs detected via PCI
Crash Annotation GraphicsCriticalError: |[0][GFX1-]: glxtest: libpci missing (t=1.1124) [GFX1-]: glxtest: libpci missing
Crash Annotation GraphicsCriticalError: |[0][GFX1-]: glxtest: libpci missing (t=1.1124) |[1][GFX1-]: glxtest: libEGL missing (t=1.11244) [GFX1-]: glxtest: libEGL missing
Crash Annotation GraphicsCriticalError: |[0][GFX1-]: glxtest: libpci missing (t=1.1124) |[1][GFX1-]: glxtest: libEGL missing (t=1.11244) |[2][GFX1-]: glxtest: libGL.so.1 missing (t=1.11246) [GFX1-]: glxtest: libGL.so.1 missing
Crash Annotation GraphicsCriticalError: |[0][GFX1-]: glxtest: libpci missing (t=1.1124) |[1][GFX1-]: glxtest: libEGL missing (t=1.11244) |[2][GFX1-]: glxtest: libGL.so.1 missing (t=1.11246) |[3][GFX1-]: glxtest: libEGL missing (t=1.11247) [GFX1-]: glxtest: libEGL missing
Crash Annotation GraphicsCriticalError: |[0][GFX1-]: glxtest: libpci missing (t=1.1124) |[1][GFX1-]: glxtest: libEGL missing (t=1.11244) |[2][GFX1-]: glxtest: libGL.so.1 missing (t=1.11246) |[3][GFX1-]: glxtest: libEGL missing (t=1.11247) |[4][GFX1-]: No GPUs detected via PCI (t=1.1125) [GFX1-]: No GPUs detected via PCI
Crash Annotation GraphicsCriticalError: |[0][GFX1-]: glxtest: libpci missing (t=1.12071) [GFX1-]: glxtest: libpci missing
Crash Annotation GraphicsCriticalError: |[0][GFX1-]: glxtest: libpci missing (t=1.12071) |[1][GFX1-]: glxtest: libEGL missing (t=1.12077) [GFX1-]: glxtest: libEGL missing
Crash Annotation GraphicsCriticalError: |[0][GFX1-]: glxtest: libpci missing (t=1.12071) |[1][GFX1-]: glxtest: libEGL missing (t=1.12077) |[2][GFX1-]: glxtest: libGL.so.1 missing (t=1.12078) [GFX1-]: glxtest: libGL.so.1 missing
Crash Annotation GraphicsCriticalError: |[0][GFX1-]: glxtest: libpci missing (t=1.12071) |[1][GFX1-]: glxtest: libEGL missing (t=1.12077) |[2][GFX1-]: glxtest: libGL.so.1 missing (t=1.12078) |[3][GFX1-]: glxtest: libEGL missing (t=1.12079) [GFX1-]: glxtest: libEGL missing
Crash Annotation GraphicsCriticalError: |[0][GFX1-]: glxtest: libpci missing (t=1.12071) |[1][GFX1-]: glxtest: libEGL missing (t=1.12077) |[2][GFX1-]: glxtest: libGL.so.1 missing (t=1.12078) |[3][GFX1-]: glxtest: libEGL missing (t=1.12079) |[4][GFX1-]: No GPUs detected via PCI (t=1.12081) [GFX1-]: No GPUs detected via PCI
Crash Annotation GraphicsCriticalError: |[0][GFX1-]: glxtest: libpci missing (t=1.10609) [GFX1-]: glxtest: libpci missing
Crash Annotation GraphicsCriticalError: |[0][GFX1-]: glxtest: libpci missing (t=1.10609) |[1][GFX1-]: glxtest: libEGL missing (t=1.10613) [GFX1-]: glxtest: libEGL missing
Crash Annotation GraphicsCriticalError: |[0][GFX1-]: glxtest: libpci missing (t=1.10609) |[1][GFX1-]: glxtest: libEGL missing (t=1.10613) |[2][GFX1-]: glxtest: libGL.so.1 missing (t=1.10615) [GFX1-]: glxtest: libGL.so.1 missing
Crash Annotation GraphicsCriticalError: |[0][GFX1-]: glxtest: libpci missing (t=1.10609) |[1][GFX1-]: glxtest: libEGL missing (t=1.10613) |[2][GFX1-]: glxtest: libGL.so.1 missing (t=1.10615) |[3][GFX1-]: glxtest: libEGL missing (t=1.10617) [GFX1-]: glxtest: libEGL missing
Crash Annotation GraphicsCriticalError: |[0][GFX1-]: glxtest: libpci missing (t=1.10609) |[1][GFX1-]: glxtest: libEGL missing (t=1.10613) |[2][GFX1-]: glxtest: libGL.so.1 missing (t=1.10615) |[3][GFX1-]: glxtest: libEGL missing (t=1.10617) |[4][GFX1-]: No GPUs detected via PCI (t=1.10619) [GFX1-]: No GPUs detected via PCI
Crash Annotation GraphicsCriticalError: |[0][GFX1-]: glxtest: libpci missing (t=1.10375) [GFX1-]: glxtest: libpci missing
Crash Annotation GraphicsCriticalError: |[0][GFX1-]: glxtest: libpci missing (t=1.10375) |[1][GFX1-]: glxtest: libEGL missing (t=1.1038) [GFX1-]: glxtest: libEGL missing
Crash Annotation GraphicsCriticalError: |[0][GFX1-]: glxtest: libpci missing (t=1.10375) |[1][GFX1-]: glxtest: libEGL missing (t=1.1038) |[2][GFX1-]: glxtest: libGL.so.1 missing (t=1.10382) [GFX1-]: glxtest: libGL.so.1 missing
Crash Annotation GraphicsCriticalError: |[0][GFX1-]: glxtest: libpci missing (t=1.10375) |[1][GFX1-]: glxtest: libEGL missing (t=1.1038) |[2][GFX1-]: glxtest: libGL.so.1 missing (t=1.10382) |[3][GFX1-]: glxtest: libEGL missing (t=1.10383) [GFX1-]: glxtest: libEGL missing
Crash Annotation GraphicsCriticalError: |[0][GFX1-]: glxtest: libpci missing (t=1.10375) |[1][GFX1-]: glxtest: libEGL missing (t=1.1038) |[2][GFX1-]: glxtest: libGL.so.1 missing (t=1.10382) |[3][GFX1-]: glxtest: libEGL missing (t=1.10383) |[4][GFX1-]: No GPUs detected via PCI (t=1.10385) [GFX1-]: No GPUs detected via PCI
Crash Annotation GraphicsCriticalError: |[0][GFX1-]: glxtest: libpci missing (t=1.15739) [GFX1-]: glxtest: libpci missing
Crash Annotation GraphicsCriticalError: |[0][GFX1-]: glxtest: libpci missing (t=1.15739) |[1][GFX1-]: glxtest: libEGL missing (t=1.15745) [GFX1-]: glxtest: libEGL missing
Crash Annotation GraphicsCriticalError: |[0][GFX1-]: glxtest: libpci missing (t=1.15739) |[1][GFX1-]: glxtest: libEGL missing (t=1.15745) |[2][GFX1-]: glxtest: libGL.so.1 missing (t=1.15746) [GFX1-]: glxtest: libGL.so.1 missing
Crash Annotation GraphicsCriticalError: |[0][GFX1-]: glxtest: libpci missing (t=1.15739) |[1][GFX1-]: glxtest: libEGL missing (t=1.15745) |[2][GFX1-]: glxtest: libGL.so.1 missing (t=1.15746) |[3][GFX1-]: glxtest: libEGL missing (t=1.15749) [GFX1-]: glxtest: libEGL missing
Crash Annotation GraphicsCriticalError: |[0][GFX1-]: glxtest: libpci missing (t=1.15739) |[1][GFX1-]: glxtest: libEGL missing (t=1.15745) |[2][GFX1-]: glxtest: libGL.so.1 missing (t=1.15746) |[3][GFX1-]: glxtest: libEGL missing (t=1.15749) |[4][GFX1-]: No GPUs detected via PCI (t=1.15751) [GFX1-]: No GPUs detected via PCI
Crash Annotation GraphicsCriticalError: |[0][GFX1-]: glxtest: libpci missing (t=1.09242) [GFX1-]: glxtest: libpci missing
Crash Annotation GraphicsCriticalError: |[0][GFX1-]: glxtest: libpci missing (t=1.09242) |[1][GFX1-]: glxtest: libEGL missing (t=1.09247) [GFX1-]: glxtest: libEGL missing
Crash Annotation GraphicsCriticalError: |[0][GFX1-]: glxtest: libpci missing (t=1.09242) |[1][GFX1-]: glxtest: libEGL missing (t=1.09247) |[2][GFX1-]: glxtest: libGL.so.1 missing (t=1.09248) [GFX1-]: glxtest: libGL.so.1 missing
Crash Annotation GraphicsCriticalError: |[0][GFX1-]: glxtest: libpci missing (t=1.09242) |[1][GFX1-]: glxtest: libEGL missing (t=1.09247) |[2][GFX1-]: glxtest: libGL.so.1 missing (t=1.09248) |[3][GFX1-]: glxtest: libEGL missing (t=1.09249) [GFX1-]: glxtest: libEGL missing
Crash Annotation GraphicsCriticalError: |[0][GFX1-]: glxtest: libpci missing (t=1.09242) |[1][GFX1-]: glxtest: libEGL missing (t=1.09247) |[2][GFX1-]: glxtest: libGL.so.1 missing (t=1.09248) |[3][GFX1-]: glxtest: libEGL missing (t=1.09249) |[4][GFX1-]: No GPUs detected via PCI (t=1.09251) [GFX1-]: No GPUs detected via PCI
Crash Annotation GraphicsCriticalError: |[0][GFX1-]: glxtest: libpci missing (t=1.13393) [GFX1-]: glxtest: libpci missing
Crash Annotation GraphicsCriticalError: |[0][GFX1-]: glxtest: libpci missing (t=1.13393) |[1][GFX1-]: glxtest: libEGL missing (t=1.13398) [GFX1-]: glxtest: libEGL missing
Crash Annotation GraphicsCriticalError: |[0][GFX1-]: glxtest: libpci missing (t=1.13393) |[1][GFX1-]: glxtest: libEGL missing (t=1.13398) |[2][GFX1-]: glxtest: libGL.so.1 missing (t=1.13399) [GFX1-]: glxtest: libGL.so.1 missing
Crash Annotation GraphicsCriticalError: |[0][GFX1-]: glxtest: libpci missing (t=1.13393) |[1][GFX1-]: glxtest: libEGL missing (t=1.13398) |[2][GFX1-]: glxtest: libGL.so.1 missing (t=1.13399) |[3][GFX1-]: glxtest: libEGL missing (t=1.134) [GFX1-]: glxtest: libEGL missing
Crash Annotation GraphicsCriticalError: |[0][GFX1-]: glxtest: libpci missing (t=1.13393) |[1][GFX1-]: glxtest: libEGL missing (t=1.13398) |[2][GFX1-]: glxtest: libGL.so.1 missing (t=1.13399) |[3][GFX1-]: glxtest: libEGL missing (t=1.134) |[4][GFX1-]: No GPUs detected via PCI (t=1.13402) [GFX1-]: No GPUs detected via PCI
Crash Annotation GraphicsCriticalError: |[0][GFX1-]: glxtest: libpci missing (t=1.15292) [GFX1-]: glxtest: libpci missing
Crash Annotation GraphicsCriticalError: |[0][GFX1-]: glxtest: libpci missing (t=1.15292) |[1][GFX1-]: glxtest: libEGL missing (t=1.15297) [GFX1-]: glxtest: libEGL missing
Crash Annotation GraphicsCriticalError: |[0][GFX1-]: glxtest: libpci missing (t=1.15292) |[1][GFX1-]: glxtest: libEGL missing (t=1.15297) |[2][GFX1-]: glxtest: libGL.so.1 missing (t=1.15299) [GFX1-]: glxtest: libGL.so.1 missing
Crash Annotation GraphicsCriticalError: |[0][GFX1-]: glxtest: libpci missing (t=1.15292) |[1][GFX1-]: glxtest: libEGL missing (t=1.15297) |[2][GFX1-]: glxtest: libGL.so.1 missing (t=1.15299) |[3][GFX1-]: glxtest: libEGL missing (t=1.153) [GFX1-]: glxtest: libEGL missing
Crash Annotation GraphicsCriticalError: |[0][GFX1-]: glxtest: libpci missing (t=1.15292) |[1][GFX1-]: glxtest: libEGL missing (t=1.15297) |[2][GFX1-]: glxtest: libGL.so.1 missing (t=1.15299) |[3][GFX1-]: glxtest: libEGL missing (t=1.153) |[4][GFX1-]: No GPUs detected via PCI (t=1.15303) [GFX1-]: No GPUs detected via PCI
